<?xml version="1.0" encoding="UTF-8"?>
<testng-results ignored="0" total="1" passed="1" failed="0" skipped="0">
  <reporter-output>
  </reporter-output>
  <suite started-at="2024-05-04T19:07:24 IST" name="Default suite" finished-at="2024-05-04T19:07:30 IST" duration-ms="6538">
    <groups>
    </groups>
    <test started-at="2024-05-04T19:07:24 IST" name="Default test" finished-at="2024-05-04T19:07:30 IST" duration-ms="6538">
      <class name="testNG.May3">
        <test-method is-config="true" signature="beforeMethod()[pri:0, instance:testNG.May3@61df66b6]" started-at="2024-05-04T19:07:24 IST" name="beforeMethod" finished-at="2024-05-04T19:07:29 IST" duration-ms="5035" status="PASS">
          <reporter-output>
          </reporter-output>
        </test-method> <!-- beforeMethod -->
        <test-method signature="f(java.lang.Integer,java.lang.String)[pri:0, instance:testNG.May3@61df66b6]" started-at="2024-05-04T19:07:29 IST" name="f" data-provider="dp" finished-at="2024-05-04T19:07:30 IST" duration-ms="1401" status="PASS">
          <params>
            <param index="0">
              <value>
                <![CDATA[1]]>
              </value>
            </param>
            <param index="1">
              <value>
                <![CDATA[a]]>
              </value>
            </param>
          </params>
          <reporter-output>
          </reporter-output>
        </test-method> <!-- f -->
        <test-method is-config="true" signature="afterMethod()[pri:0, instance:testNG.May3@61df66b6]" started-at="2024-05-04T19:07:30 IST" name="afterMethod" finished-at="2024-05-04T19:07:30 IST" duration-ms="1" status="PASS">
          <reporter-output>
          </reporter-output>
        </test-method> <!-- afterMethod -->
      </class> <!-- testNG.May3 -->
    </test> <!-- Default test -->
  </suite> <!-- Default suite -->
</testng-results>
